2024-08-13 19:17:14,349 [Worker-3: Loading available Gradle versions] INFO  o.e.b.c.i.u.g.PublishedGradleVersions - Gradle version information cache is up-to-date. Trying to read.
2024-08-13 19:18:01,314 [Worker-16: Importing Maven projects] INFO  o.e.m.c.i.l.LifecycleMappingFactory - Using org.eclipse.m2e.jdt.JarLifecycleMapping lifecycle mapping for MavenProject: com.example:EmployeeManagementSystem:0.0.1-SNAPSHOT @ C:\Users\ritwi\Downloads\EmployeeManagementSystem\EmployeeManagementSystem\pom.xml.
2024-08-13 19:18:03,511 [Worker-16: Importing Maven projects] INFO  o.e.m.j.i.AbstractJavaProjectConfigurator - Adding source folder /EmployeeManagementSystem/src/main/java
2024-08-13 19:18:03,515 [Worker-16: Importing Maven projects] INFO  o.e.m.j.i.AbstractJavaProjectConfigurator - Adding resource folder /EmployeeManagementSystem/src/main/resources
2024-08-13 19:18:03,527 [Worker-16: Importing Maven projects] INFO  o.e.m.j.i.AbstractJavaProjectConfigurator - Adding resource folder /EmployeeManagementSystem/src/main/resources
2024-08-13 19:18:03,538 [Worker-16: Importing Maven projects] INFO  o.e.m.j.i.AbstractJavaProjectConfigurator - Adding source folder /EmployeeManagementSystem/src/test/java
2024-08-13 19:18:03,539 [Worker-16: Importing Maven projects] INFO  o.e.m.j.i.AbstractJavaProjectConfigurator - Adding resource folder /EmployeeManagementSystem/src/test/resources
2024-08-13 19:18:04,438 [Worker-16: Importing Maven projects] INFO  o.e.m.c.i.p.ProjectConfigurationManager - Imported and configured 1 project(s) in 5 sec
2024-08-13 19:18:05,828 [Worker-13: Building] INFO  o.a.m.s.f.DefaultMavenResourcesFiltering - Copying 1 resource from src\main\resources to target\classes
2024-08-13 19:18:05,851 [Worker-13: Building] INFO  o.a.m.s.f.DefaultMavenResourcesFiltering - Copying 0 resource from src\main\resources to target\classes
2024-08-13 19:18:05,858 [Worker-13: Building] INFO  o.a.m.s.f.DefaultMavenResourcesFiltering - skip non existing resourceDirectory C:\Users\ritwi\Downloads\EmployeeManagementSystem\EmployeeManagementSystem\src\test\resources
2024-08-13 19:19:34,057 [Worker-2: Building] INFO  o.a.m.s.f.DefaultMavenResourcesFiltering - Copying 1 resource from src\main\resources to target\classes
2024-08-13 19:19:34,073 [Worker-2: Building] INFO  o.a.m.s.f.DefaultMavenResourcesFiltering - Copying 0 resource from src\main\resources to target\classes
2024-08-13 19:19:34,079 [Worker-2: Building] INFO  o.a.m.s.f.DefaultMavenResourcesFiltering - skip non existing resourceDirectory C:\Users\ritwi\Downloads\EmployeeManagementSystem\EmployeeManagementSystem\src\test\resources
2024-08-13 19:24:43,653 [Worker-4: Loading available Gradle versions] INFO  o.e.b.c.i.u.g.PublishedGradleVersions - Gradle version information cache is up-to-date. Trying to read.
2024-08-13 19:25:42,256 [Worker-18: Building] INFO  o.a.m.s.f.DefaultMavenResourcesFiltering - Copying 1 resource from src\main\resources to target\classes
2024-08-13 19:25:42,279 [Worker-18: Building] INFO  o.a.m.s.f.DefaultMavenResourcesFiltering - Copying 0 resource from src\main\resources to target\classes
2024-08-13 19:25:42,288 [Worker-18: Building] INFO  o.a.m.s.f.DefaultMavenResourcesFiltering - skip non existing resourceDirectory C:\Users\ritwi\Downloads\EmployeeManagementSystem\EmployeeManagementSystem\src\test\resources
2024-08-13 19:38:34,915 [Worker-12: Building] INFO  o.a.m.s.f.DefaultMavenResourcesFiltering - Copying 1 resource from src\main\resources to target\classes
2024-08-13 19:38:34,947 [Worker-12: Building] INFO  o.a.m.s.f.DefaultMavenResourcesFiltering - Copying 0 resource from src\main\resources to target\classes
2024-08-13 19:38:34,954 [Worker-12: Building] INFO  o.a.m.s.f.DefaultMavenResourcesFiltering - skip non existing resourceDirectory C:\Users\ritwi\Downloads\EmployeeManagementSystem\EmployeeManagementSystem\src\test\resources
2024-08-13 19:40:17,082 [Worker-7: Building] INFO  o.a.m.s.f.DefaultMavenResourcesFiltering - Copying 1 resource from src\main\resources to target\classes
2024-08-13 19:40:17,098 [Worker-7: Building] INFO  o.a.m.s.f.DefaultMavenResourcesFiltering - Copying 0 resource from src\main\resources to target\classes
2024-08-13 19:40:17,098 [Worker-7: Building] INFO  o.a.m.s.f.DefaultMavenResourcesFiltering - skip non existing resourceDirectory C:\Users\ritwi\Downloads\EmployeeManagementSystem\EmployeeManagementSystem\src\test\resources
2024-08-13 19:40:29,408 [Worker-12: Building] INFO  o.a.m.s.f.DefaultMavenResourcesFiltering - Copying 1 resource from src\main\resources to target\classes
2024-08-13 19:40:29,417 [Worker-12: Building] INFO  o.a.m.s.f.DefaultMavenResourcesFiltering - Copying 0 resource from src\main\resources to target\classes
2024-08-13 19:40:29,421 [Worker-12: Building] INFO  o.a.m.s.f.DefaultMavenResourcesFiltering - skip non existing resourceDirectory C:\Users\ritwi\Downloads\EmployeeManagementSystem\EmployeeManagementSystem\src\test\resources
2024-08-13 19:41:51,378 [Worker-1: Loading available Gradle versions] INFO  o.e.b.c.i.u.g.PublishedGradleVersions - Gradle version information cache is up-to-date. Trying to read.
2024-08-13 19:43:18,324 [Worker-20: Building] INFO  o.a.m.s.f.DefaultMavenResourcesFiltering - Copying 1 resource from src\main\resources to target\classes
2024-08-13 19:43:18,349 [Worker-20: Building] INFO  o.a.m.s.f.DefaultMavenResourcesFiltering - Copying 0 resource from src\main\resources to target\classes
2024-08-13 19:43:18,357 [Worker-20: Building] INFO  o.a.m.s.f.DefaultMavenResourcesFiltering - skip non existing resourceDirectory C:\Users\ritwi\Downloads\EmployeeManagementSystem\EmployeeManagementSystem\src\test\resources
2024-08-13 19:44:28,935 [Worker-1: Loading available Gradle versions] INFO  o.e.b.c.i.u.g.PublishedGradleVersions - Gradle version information cache is up-to-date. Trying to read.
2024-08-13 19:53:37,953 [Worker-2: Loading available Gradle versions] INFO  o.e.b.c.i.u.g.PublishedGradleVersions - Gradle version information cache is up-to-date. Trying to read.
2024-08-13 19:56:23,043 [Worker-25: Building] INFO  o.a.m.s.f.DefaultMavenResourcesFiltering - Copying 1 resource from src\main\resources to target\classes
2024-08-13 19:56:23,075 [Worker-25: Building] INFO  o.a.m.s.f.DefaultMavenResourcesFiltering - Copying 0 resource from src\main\resources to target\classes
2024-08-13 19:56:23,086 [Worker-25: Building] INFO  o.a.m.s.f.DefaultMavenResourcesFiltering - skip non existing resourceDirectory C:\Users\ritwi\Downloads\EmployeeManagementSystem\EmployeeManagementSystem\src\test\resources
2024-08-13 19:57:07,638 [Worker-24: Building] INFO  o.a.m.s.f.DefaultMavenResourcesFiltering - Copying 1 resource from src\main\resources to target\classes
2024-08-13 19:57:07,645 [Worker-24: Building] INFO  o.a.m.s.f.DefaultMavenResourcesFiltering - Copying 0 resource from src\main\resources to target\classes
2024-08-13 19:57:07,650 [Worker-24: Building] INFO  o.a.m.s.f.DefaultMavenResourcesFiltering - skip non existing resourceDirectory C:\Users\ritwi\Downloads\EmployeeManagementSystem\EmployeeManagementSystem\src\test\resources
2024-08-13 20:02:46,082 [Worker-8: Building] INFO  o.a.m.s.f.DefaultMavenResourcesFiltering - Copying 1 resource from src\main\resources to target\classes
2024-08-13 20:02:46,092 [Worker-8: Building] INFO  o.a.m.s.f.DefaultMavenResourcesFiltering - Copying 0 resource from src\main\resources to target\classes
2024-08-13 20:02:46,098 [Worker-8: Building] INFO  o.a.m.s.f.DefaultMavenResourcesFiltering - skip non existing resourceDirectory C:\Users\ritwi\Downloads\EmployeeManagementSystem\EmployeeManagementSystem\src\test\resources
2024-08-13 20:03:11,671 [Worker-7: Building] INFO  o.a.m.s.f.DefaultMavenResourcesFiltering - Copying 1 resource from src\main\resources to target\classes
2024-08-13 20:03:11,678 [Worker-7: Building] INFO  o.a.m.s.f.DefaultMavenResourcesFiltering - Copying 0 resource from src\main\resources to target\classes
2024-08-13 20:03:11,682 [Worker-7: Building] INFO  o.a.m.s.f.DefaultMavenResourcesFiltering - skip non existing resourceDirectory C:\Users\ritwi\Downloads\EmployeeManagementSystem\EmployeeManagementSystem\src\test\resources
2024-08-13 20:04:43,376 [Worker-19: Updating Maven Project] INFO  o.e.m.c.i.p.ProjectConfigurationManager - Update started
2024-08-13 20:04:44,198 [Worker-19: Updating Maven Project] INFO  o.e.m.c.i.l.LifecycleMappingFactory - Using org.eclipse.m2e.jdt.JarLifecycleMapping lifecycle mapping for MavenProject: com.example:EmployeeManagementSystem:0.0.1-SNAPSHOT @ C:\Users\ritwi\Downloads\EmployeeManagementSystem\EmployeeManagementSystem\pom.xml.
2024-08-13 20:04:45,367 [Worker-19: Updating Maven Project] INFO  o.e.m.j.i.AbstractJavaProjectConfigurator - Adding source folder /EmployeeManagementSystem/src/main/java
2024-08-13 20:04:45,370 [Worker-19: Updating Maven Project] INFO  o.e.m.j.i.AbstractJavaProjectConfigurator - Adding resource folder /EmployeeManagementSystem/src/main/resources
2024-08-13 20:04:45,372 [Worker-19: Updating Maven Project] INFO  o.e.m.j.i.AbstractJavaProjectConfigurator - Adding resource folder /EmployeeManagementSystem/src/main/resources
2024-08-13 20:04:45,373 [Worker-19: Updating Maven Project] INFO  o.e.m.j.i.AbstractJavaProjectConfigurator - Adding source folder /EmployeeManagementSystem/src/test/java
2024-08-13 20:04:45,374 [Worker-19: Updating Maven Project] INFO  o.e.m.j.i.AbstractJavaProjectConfigurator - Adding resource folder /EmployeeManagementSystem/src/test/resources
2024-08-13 20:04:45,835 [Worker-19: Updating Maven Project] INFO  o.e.m.c.i.p.ProjectConfigurationManager - Update completed for 1 poms: local refresh takes 0.00 sec, refresh facades takes 1.00 sec, update config takes 0.00 sec 
2024-08-13 20:04:46,194 [Worker-26: Building] INFO  o.a.m.s.f.DefaultMavenResourcesFiltering - Copying 1 resource from src\main\resources to target\classes
2024-08-13 20:04:46,219 [Worker-26: Building] INFO  o.a.m.s.f.DefaultMavenResourcesFiltering - Copying 0 resource from src\main\resources to target\classes
2024-08-13 20:04:46,223 [Worker-26: Building] INFO  o.a.m.s.f.DefaultMavenResourcesFiltering - skip non existing resourceDirectory C:\Users\ritwi\Downloads\EmployeeManagementSystem\EmployeeManagementSystem\src\test\resources
2024-08-13 20:05:01,088 [Worker-26: Launching Executing clean in C__Users_ritwi_Downloads_EmployeeManagementSystem_EmployeeManagementSystem] INFO  o.eclipse.m2e.core.internal.Bundles - getClasspathEntries(Bundle=org.eclipse.m2e.maven.runtime_3.9.600.20231203-1234 [297])
2024-08-13 20:05:01,089 [Worker-26: Launching Executing clean in C__Users_ritwi_Downloads_EmployeeManagementSystem_EmployeeManagementSystem] INFO  o.eclipse.m2e.core.internal.Bundles - 	Entry: C:\Users\ritwi\.p2\pool\plugins\org.eclipse.m2e.maven.runtime_3.9.600.20231203-1234
2024-08-13 20:05:01,089 [Worker-26: Launching Executing clean in C__Users_ritwi_Downloads_EmployeeManagementSystem_EmployeeManagementSystem] INFO  o.eclipse.m2e.core.internal.Bundles - 	Entry: C:\Users\ritwi\.p2\pool\plugins\org.eclipse.m2e.maven.runtime_3.9.600.20231203-1234\jars\aopalliance-1.0.jar
2024-08-13 20:05:01,090 [Worker-26: Launching Executing clean in C__Users_ritwi_Downloads_EmployeeManagementSystem_EmployeeManagementSystem] INFO  o.eclipse.m2e.core.internal.Bundles - 	Entry: C:\Users\ritwi\.p2\pool\plugins\org.eclipse.m2e.maven.runtime_3.9.600.20231203-1234\jars\guice-5.1.0.jar
2024-08-13 20:05:01,090 [Worker-26: Launching Executing clean in C__Users_ritwi_Downloads_EmployeeManagementSystem_EmployeeManagementSystem] INFO  o.eclipse.m2e.core.internal.Bundles - 	Entry: C:\Users\ritwi\.p2\pool\plugins\org.eclipse.m2e.maven.runtime_3.9.600.20231203-1234\jars\httpclient-4.5.14.jar
2024-08-13 20:05:01,090 [Worker-26: Launching Executing clean in C__Users_ritwi_Downloads_EmployeeManagementSystem_EmployeeManagementSystem] INFO  o.eclipse.m2e.core.internal.Bundles - 	Entry: C:\Users\ritwi\.p2\pool\plugins\org.eclipse.m2e.maven.runtime_3.9.600.20231203-1234\jars\httpcore-4.4.16.jar
2024-08-13 20:05:01,090 [Worker-26: Launching Executing clean in C__Users_ritwi_Downloads_EmployeeManagementSystem_EmployeeManagementSystem] INFO  o.eclipse.m2e.core.internal.Bundles - 	Entry: C:\Users\ritwi\.p2\pool\plugins\org.eclipse.m2e.maven.runtime_3.9.600.20231203-1234\jars\jansi-2.4.0.jar
2024-08-13 20:05:01,090 [Worker-26: Launching Executing clean in C__Users_ritwi_Downloads_EmployeeManagementSystem_EmployeeManagementSystem] INFO  o.eclipse.m2e.core.internal.Bundles - 	Entry: C:\Users\ritwi\.p2\pool\plugins\org.eclipse.m2e.maven.runtime_3.9.600.20231203-1234\jars\jcl-over-slf4j-1.7.36.jar
2024-08-13 20:05:01,090 [Worker-26: Launching Executing clean in C__Users_ritwi_Downloads_EmployeeManagementSystem_EmployeeManagementSystem] INFO  o.eclipse.m2e.core.internal.Bundles - 	Entry: C:\Users\ritwi\.p2\pool\plugins\org.eclipse.m2e.maven.runtime_3.9.600.20231203-1234\jars\maven-artifact-3.9.6.jar
2024-08-13 20:05:01,090 [Worker-26: Launching Executing clean in C__Users_ritwi_Downloads_EmployeeManagementSystem_EmployeeManagementSystem] INFO  o.eclipse.m2e.core.internal.Bundles - 	Entry: C:\Users\ritwi\.p2\pool\plugins\org.eclipse.m2e.maven.runtime_3.9.600.20231203-1234\jars\maven-builder-support-3.9.6.jar
2024-08-13 20:05:01,090 [Worker-26: Launching Executing clean in C__Users_ritwi_Downloads_EmployeeManagementSystem_EmployeeManagementSystem] INFO  o.eclipse.m2e.core.internal.Bundles - 	Entry: C:\Users\ritwi\.p2\pool\plugins\org.eclipse.m2e.maven.runtime_3.9.600.20231203-1234\jars\maven-compat-3.9.6.jar
2024-08-13 20:05:01,090 [Worker-26: Launching Executing clean in C__Users_ritwi_Downloads_EmployeeManagementSystem_EmployeeManagementSystem] INFO  o.eclipse.m2e.core.internal.Bundles - 	Entry: C:\Users\ritwi\.p2\pool\plugins\org.eclipse.m2e.maven.runtime_3.9.600.20231203-1234\jars\maven-core-3.9.6.jar
2024-08-13 20:05:01,091 [Worker-26: Launching Executing clean in C__Users_ritwi_Downloads_EmployeeManagementSystem_EmployeeManagementSystem] INFO  o.eclipse.m2e.core.internal.Bundles - 	Entry: C:\Users\ritwi\.p2\pool\plugins\org.eclipse.m2e.maven.runtime_3.9.600.20231203-1234\jars\maven-embedder-3.9.6.jar
2024-08-13 20:05:01,091 [Worker-26: Launching Executing clean in C__Users_ritwi_Downloads_EmployeeManagementSystem_EmployeeManagementSystem] INFO  o.eclipse.m2e.core.internal.Bundles - 	Entry: C:\Users\ritwi\.p2\pool\plugins\org.eclipse.m2e.maven.runtime_3.9.600.20231203-1234\jars\maven-model-3.9.6.jar
2024-08-13 20:05:01,091 [Worker-26: Launching Executing clean in C__Users_ritwi_Downloads_EmployeeManagementSystem_EmployeeManagementSystem] INFO  o.eclipse.m2e.core.internal.Bundles - 	Entry: C:\Users\ritwi\.p2\pool\plugins\org.eclipse.m2e.maven.runtime_3.9.600.20231203-1234\jars\maven-model-builder-3.9.6.jar
2024-08-13 20:05:01,091 [Worker-26: Launching Executing clean in C__Users_ritwi_Downloads_EmployeeManagementSystem_EmployeeManagementSystem] INFO  o.eclipse.m2e.core.internal.Bundles - 	Entry: C:\Users\ritwi\.p2\pool\plugins\org.eclipse.m2e.maven.runtime_3.9.600.20231203-1234\jars\maven-plugin-api-3.9.6.jar
2024-08-13 20:05:01,091 [Worker-26: Launching Executing clean in C__Users_ritwi_Downloads_EmployeeManagementSystem_EmployeeManagementSystem] INFO  o.eclipse.m2e.core.internal.Bundles - 	Entry: C:\Users\ritwi\.p2\pool\plugins\org.eclipse.m2e.maven.runtime_3.9.600.20231203-1234\jars\maven-repository-metadata-3.9.6.jar
2024-08-13 20:05:01,091 [Worker-26: Launching Executing clean in C__Users_ritwi_Downloads_EmployeeManagementSystem_EmployeeManagementSystem] INFO  o.eclipse.m2e.core.internal.Bundles - 	Entry: C:\Users\ritwi\.p2\pool\plugins\org.eclipse.m2e.maven.runtime_3.9.600.20231203-1234\jars\maven-resolver-api-1.9.18.jar
2024-08-13 20:05:01,091 [Worker-26: Launching Executing clean in C__Users_ritwi_Downloads_EmployeeManagementSystem_EmployeeManagementSystem] INFO  o.eclipse.m2e.core.internal.Bundles - 	Entry: C:\Users\ritwi\.p2\pool\plugins\org.eclipse.m2e.maven.runtime_3.9.600.20231203-1234\jars\maven-resolver-connector-basic-1.9.18.jar
2024-08-13 20:05:01,091 [Worker-26: Launching Executing clean in C__Users_ritwi_Downloads_EmployeeManagementSystem_EmployeeManagementSystem] INFO  o.eclipse.m2e.core.internal.Bundles - 	Entry: C:\Users\ritwi\.p2\pool\plugins\org.eclipse.m2e.maven.runtime_3.9.600.20231203-1234\jars\maven-resolver-impl-1.9.18.jar
2024-08-13 20:05:01,092 [Worker-26: Launching Executing clean in C__Users_ritwi_Downloads_EmployeeManagementSystem_EmployeeManagementSystem] INFO  o.eclipse.m2e.core.internal.Bundles - 	Entry: C:\Users\ritwi\.p2\pool\plugins\org.eclipse.m2e.maven.runtime_3.9.600.20231203-1234\jars\maven-resolver-named-locks-1.9.18.jar
2024-08-13 20:05:01,092 [Worker-26: Launching Executing clean in C__Users_ritwi_Downloads_EmployeeManagementSystem_EmployeeManagementSystem] INFO  o.eclipse.m2e.core.internal.Bundles - 	Entry: C:\Users\ritwi\.p2\pool\plugins\org.eclipse.m2e.maven.runtime_3.9.600.20231203-1234\jars\maven-resolver-provider-3.9.6.jar
2024-08-13 20:05:01,092 [Worker-26: Launching Executing clean in C__Users_ritwi_Downloads_EmployeeManagementSystem_EmployeeManagementSystem] INFO  o.eclipse.m2e.core.internal.Bundles - 	Entry: C:\Users\ritwi\.p2\pool\plugins\org.eclipse.m2e.maven.runtime_3.9.600.20231203-1234\jars\maven-resolver-spi-1.9.18.jar
2024-08-13 20:05:01,092 [Worker-26: Launching Executing clean in C__Users_ritwi_Downloads_EmployeeManagementSystem_EmployeeManagementSystem] INFO  o.eclipse.m2e.core.internal.Bundles - 	Entry: C:\Users\ritwi\.p2\pool\plugins\org.eclipse.m2e.maven.runtime_3.9.600.20231203-1234\jars\maven-resolver-transport-file-1.9.18.jar
2024-08-13 20:05:01,093 [Worker-26: Launching Executing clean in C__Users_ritwi_Downloads_EmployeeManagementSystem_EmployeeManagementSystem] INFO  o.eclipse.m2e.core.internal.Bundles - 	Entry: C:\Users\ritwi\.p2\pool\plugins\org.eclipse.m2e.maven.runtime_3.9.600.20231203-1234\jars\maven-resolver-transport-http-1.9.18.jar
2024-08-13 20:05:01,093 [Worker-26: Launching Executing clean in C__Users_ritwi_Downloads_EmployeeManagementSystem_EmployeeManagementSystem] INFO  o.eclipse.m2e.core.internal.Bundles - 	Entry: C:\Users\ritwi\.p2\pool\plugins\org.eclipse.m2e.maven.runtime_3.9.600.20231203-1234\jars\maven-resolver-transport-wagon-1.9.18.jar
2024-08-13 20:05:01,093 [Worker-26: Launching Executing clean in C__Users_ritwi_Downloads_EmployeeManagementSystem_EmployeeManagementSystem] INFO  o.eclipse.m2e.core.internal.Bundles - 	Entry: C:\Users\ritwi\.p2\pool\plugins\org.eclipse.m2e.maven.runtime_3.9.600.20231203-1234\jars\maven-resolver-util-1.9.18.jar
2024-08-13 20:05:01,093 [Worker-26: Launching Executing clean in C__Users_ritwi_Downloads_EmployeeManagementSystem_EmployeeManagementSystem] INFO  o.eclipse.m2e.core.internal.Bundles - 	Entry: C:\Users\ritwi\.p2\pool\plugins\org.eclipse.m2e.maven.runtime_3.9.600.20231203-1234\jars\maven-settings-3.9.6.jar
2024-08-13 20:05:01,093 [Worker-26: Launching Executing clean in C__Users_ritwi_Downloads_EmployeeManagementSystem_EmployeeManagementSystem] INFO  o.eclipse.m2e.core.internal.Bundles - 	Entry: C:\Users\ritwi\.p2\pool\plugins\org.eclipse.m2e.maven.runtime_3.9.600.20231203-1234\jars\maven-settings-builder-3.9.6.jar
2024-08-13 20:05:01,093 [Worker-26: Launching Executing clean in C__Users_ritwi_Downloads_EmployeeManagementSystem_EmployeeManagementSystem] INFO  o.eclipse.m2e.core.internal.Bundles - 	Entry: C:\Users\ritwi\.p2\pool\plugins\org.eclipse.m2e.maven.runtime_3.9.600.20231203-1234\jars\maven-shared-utils-3.3.4.jar
2024-08-13 20:05:01,093 [Worker-26: Launching Executing clean in C__Users_ritwi_Downloads_EmployeeManagementSystem_EmployeeManagementSystem] INFO  o.eclipse.m2e.core.internal.Bundles - 	Entry: C:\Users\ritwi\.p2\pool\plugins\org.eclipse.m2e.maven.runtime_3.9.600.20231203-1234\jars\org.eclipse.sisu.inject-0.9.0.M2.jar
2024-08-13 20:05:01,093 [Worker-26: Launching Executing clean in C__Users_ritwi_Downloads_EmployeeManagementSystem_EmployeeManagementSystem] INFO  o.eclipse.m2e.core.internal.Bundles - 	Entry: C:\Users\ritwi\.p2\pool\plugins\org.eclipse.m2e.maven.runtime_3.9.600.20231203-1234\jars\org.eclipse.sisu.plexus-0.9.0.M2.jar
2024-08-13 20:05:01,093 [Worker-26: Launching Executing clean in C__Users_ritwi_Downloads_EmployeeManagementSystem_EmployeeManagementSystem] INFO  o.eclipse.m2e.core.internal.Bundles - 	Entry: C:\Users\ritwi\.p2\pool\plugins\org.eclipse.m2e.maven.runtime_3.9.600.20231203-1234\jars\plexus-build-api-0.0.7.jar
2024-08-13 20:05:01,094 [Worker-26: Launching Executing clean in C__Users_ritwi_Downloads_EmployeeManagementSystem_EmployeeManagementSystem] INFO  o.eclipse.m2e.core.internal.Bundles - 	Entry: C:\Users\ritwi\.p2\pool\plugins\org.eclipse.m2e.maven.runtime_3.9.600.20231203-1234\jars\plexus-cipher-2.0.jar
2024-08-13 20:05:01,094 [Worker-26: Launching Executing clean in C__Users_ritwi_Downloads_EmployeeManagementSystem_EmployeeManagementSystem] INFO  o.eclipse.m2e.core.internal.Bundles - 	Entry: C:\Users\ritwi\.p2\pool\plugins\org.eclipse.m2e.maven.runtime_3.9.600.20231203-1234\jars\plexus-classworlds-2.7.0.jar
2024-08-13 20:05:01,094 [Worker-26: Launching Executing clean in C__Users_ritwi_Downloads_EmployeeManagementSystem_EmployeeManagementSystem] INFO  o.eclipse.m2e.core.internal.Bundles - 	Entry: C:\Users\ritwi\.p2\pool\plugins\org.eclipse.m2e.maven.runtime_3.9.600.20231203-1234\jars\plexus-component-annotations-2.1.0.jar
2024-08-13 20:05:01,094 [Worker-26: Launching Executing clean in C__Users_ritwi_Downloads_EmployeeManagementSystem_EmployeeManagementSystem] INFO  o.eclipse.m2e.core.internal.Bundles - 	Entry: C:\Users\ritwi\.p2\pool\plugins\org.eclipse.m2e.maven.runtime_3.9.600.20231203-1234\jars\plexus-interpolation-1.26.jar
2024-08-13 20:05:01,094 [Worker-26: Launching Executing clean in C__Users_ritwi_Downloads_EmployeeManagementSystem_EmployeeManagementSystem] INFO  o.eclipse.m2e.core.internal.Bundles - 	Entry: C:\Users\ritwi\.p2\pool\plugins\org.eclipse.m2e.maven.runtime_3.9.600.20231203-1234\jars\plexus-sec-dispatcher-2.0.jar
2024-08-13 20:05:01,094 [Worker-26: Launching Executing clean in C__Users_ritwi_Downloads_EmployeeManagementSystem_EmployeeManagementSystem] INFO  o.eclipse.m2e.core.internal.Bundles - 	Entry: C:\Users\ritwi\.p2\pool\plugins\org.eclipse.m2e.maven.runtime_3.9.600.20231203-1234\jars\plexus-utils-3.5.1.jar
2024-08-13 20:05:01,094 [Worker-26: Launching Executing clean in C__Users_ritwi_Downloads_EmployeeManagementSystem_EmployeeManagementSystem] INFO  o.eclipse.m2e.core.internal.Bundles - 	Entry: C:\Users\ritwi\.p2\pool\plugins\org.eclipse.m2e.maven.runtime_3.9.600.20231203-1234\jars\wagon-file-3.5.3.jar
2024-08-13 20:05:01,094 [Worker-26: Launching Executing clean in C__Users_ritwi_Downloads_EmployeeManagementSystem_EmployeeManagementSystem] INFO  o.eclipse.m2e.core.internal.Bundles - 	Entry: C:\Users\ritwi\.p2\pool\plugins\org.eclipse.m2e.maven.runtime_3.9.600.20231203-1234\jars\wagon-http-3.5.3.jar
2024-08-13 20:05:01,095 [Worker-26: Launching Executing clean in C__Users_ritwi_Downloads_EmployeeManagementSystem_EmployeeManagementSystem] INFO  o.eclipse.m2e.core.internal.Bundles - 	Entry: C:\Users\ritwi\.p2\pool\plugins\org.eclipse.m2e.maven.runtime_3.9.600.20231203-1234\jars\wagon-http-shared-3.5.3.jar
2024-08-13 20:05:01,095 [Worker-26: Launching Executing clean in C__Users_ritwi_Downloads_EmployeeManagementSystem_EmployeeManagementSystem] INFO  o.eclipse.m2e.core.internal.Bundles - 	Entry: C:\Users\ritwi\.p2\pool\plugins\org.eclipse.m2e.maven.runtime_3.9.600.20231203-1234\jars\wagon-provider-api-3.5.3.jar
2024-08-13 20:05:01,096 [Worker-26: Launching Executing clean in C__Users_ritwi_Downloads_EmployeeManagementSystem_EmployeeManagementSystem] INFO  o.eclipse.m2e.core.internal.Bundles - getClasspathEntries(Bundle=com.google.guava_33.0.0.jre [10])
2024-08-13 20:05:01,096 [Worker-26: Launching Executing clean in C__Users_ritwi_Downloads_EmployeeManagementSystem_EmployeeManagementSystem] INFO  o.eclipse.m2e.core.internal.Bundles - 	Entry: C:\Users\ritwi\.p2\pool\plugins\com.google.guava_33.0.0.jre.jar
2024-08-13 20:05:01,096 [Worker-26: Launching Executing clean in C__Users_ritwi_Downloads_EmployeeManagementSystem_EmployeeManagementSystem] INFO  o.eclipse.m2e.core.internal.Bundles - getClasspathEntries(Bundle=slf4j.api_2.0.12 [519])
2024-08-13 20:05:01,096 [Worker-26: Launching Executing clean in C__Users_ritwi_Downloads_EmployeeManagementSystem_EmployeeManagementSystem] INFO  o.eclipse.m2e.core.internal.Bundles - 	Entry: C:\Users\ritwi\.p2\pool\plugins\slf4j.api_2.0.12.jar
2024-08-13 20:05:01,096 [Worker-26: Launching Executing clean in C__Users_ritwi_Downloads_EmployeeManagementSystem_EmployeeManagementSystem] INFO  o.eclipse.m2e.core.internal.Bundles - getClasspathEntries(Bundle=jakarta.inject.jakarta.inject-api_1.0.5 [22])
2024-08-13 20:05:01,097 [Worker-26: Launching Executing clean in C__Users_ritwi_Downloads_EmployeeManagementSystem_EmployeeManagementSystem] INFO  o.eclipse.m2e.core.internal.Bundles - 	Entry: C:\Users\ritwi\.p2\pool\plugins\jakarta.inject.jakarta.inject-api_1.0.5.jar
2024-08-13 20:05:01,097 [Worker-26: Launching Executing clean in C__Users_ritwi_Downloads_EmployeeManagementSystem_EmployeeManagementSystem] INFO  o.eclipse.m2e.core.internal.Bundles - getClasspathEntries(Bundle=jakarta.annotation-api_1.3.5 [20])
2024-08-13 20:05:01,097 [Worker-26: Launching Executing clean in C__Users_ritwi_Downloads_EmployeeManagementSystem_EmployeeManagementSystem] INFO  o.eclipse.m2e.core.internal.Bundles - 	Entry: C:\Users\ritwi\.p2\pool\plugins\jakarta.annotation-api_1.3.5.jar
2024-08-13 20:05:01,097 [Worker-26: Launching Executing clean in C__Users_ritwi_Downloads_EmployeeManagementSystem_EmployeeManagementSystem] INFO  o.eclipse.m2e.core.internal.Bundles - getClasspathEntries(Bundle=org.apache.commons.cli_1.6.0 [46])
2024-08-13 20:05:01,097 [Worker-26: Launching Executing clean in C__Users_ritwi_Downloads_EmployeeManagementSystem_EmployeeManagementSystem] INFO  o.eclipse.m2e.core.internal.Bundles - 	Entry: C:\Users\ritwi\.p2\pool\plugins\org.apache.commons.cli_1.6.0.jar
2024-08-13 20:05:01,097 [Worker-26: Launching Executing clean in C__Users_ritwi_Downloads_EmployeeManagementSystem_EmployeeManagementSystem] INFO  o.eclipse.m2e.core.internal.Bundles - getClasspathEntries(Bundle=org.apache.commons.commons-codec_1.16.0 [47])
2024-08-13 20:05:01,097 [Worker-26: Launching Executing clean in C__Users_ritwi_Downloads_EmployeeManagementSystem_EmployeeManagementSystem] INFO  o.eclipse.m2e.core.internal.Bundles - 	Entry: C:\Users\ritwi\.p2\pool\plugins\org.apache.commons.commons-codec_1.16.0.jar
2024-08-13 20:05:01,097 [Worker-26: Launching Executing clean in C__Users_ritwi_Downloads_EmployeeManagementSystem_EmployeeManagementSystem] INFO  o.eclipse.m2e.core.internal.Bundles - getClasspathEntries(Bundle=org.apache.commons.lang3_3.14.0 [53])
2024-08-13 20:05:01,097 [Worker-26: Launching Executing clean in C__Users_ritwi_Downloads_EmployeeManagementSystem_EmployeeManagementSystem] INFO  o.eclipse.m2e.core.internal.Bundles - 	Entry: C:\Users\ritwi\.p2\pool\plugins\org.apache.commons.lang3_3.14.0.jar
2024-08-13 20:05:01,097 [Worker-26: Launching Executing clean in C__Users_ritwi_Downloads_EmployeeManagementSystem_EmployeeManagementSystem] INFO  o.eclipse.m2e.core.internal.Bundles - getClasspathEntries(Bundle=com.google.guava.failureaccess_1.0.2 [11])
2024-08-13 20:05:01,098 [Worker-26: Launching Executing clean in C__Users_ritwi_Downloads_EmployeeManagementSystem_EmployeeManagementSystem] INFO  o.eclipse.m2e.core.internal.Bundles - 	Entry: C:\Users\ritwi\.p2\pool\plugins\com.google.guava.failureaccess_1.0.2.jar
2024-08-13 20:05:01,103 [Worker-26: Launching Executing clean in C__Users_ritwi_Downloads_EmployeeManagementSystem_EmployeeManagementSystem] INFO  o.e.m.i.launch.MavenLaunchDelegate - Run build in "C:\Users\ritwi\Downloads\EmployeeManagementSystem\EmployeeManagementSystem":
2024-08-13 20:05:01,108 [Worker-26: Launching Executing clean in C__Users_ritwi_Downloads_EmployeeManagementSystem_EmployeeManagementSystem] INFO  o.e.m.i.launch.MavenLaunchDelegate -  mvn  -B -Dstyle.color=always clean
2024-08-13 20:05:05,570 [Worker-19: Building] INFO  o.a.m.s.f.DefaultMavenResourcesFiltering - Copying 1 resource from src\main\resources to target\classes
2024-08-13 20:05:05,573 [Worker-19: Building] INFO  o.a.m.s.f.DefaultMavenResourcesFiltering - Copying 0 resource from src\main\resources to target\classes
2024-08-13 20:05:05,577 [Worker-19: Building] INFO  o.a.m.s.f.DefaultMavenResourcesFiltering - skip non existing resourceDirectory C:\Users\ritwi\Downloads\EmployeeManagementSystem\EmployeeManagementSystem\src\test\resources
2024-08-13 20:06:54,336 [Worker-26: Rebuilding] INFO  o.a.m.s.f.DefaultMavenResourcesFiltering - Copying 1 resource from src\main\resources to target\classes
2024-08-13 20:06:54,340 [Worker-26: Rebuilding] INFO  o.a.m.s.f.DefaultMavenResourcesFiltering - Copying 0 resource from src\main\resources to target\classes
2024-08-13 20:06:54,343 [Worker-26: Rebuilding] INFO  o.a.m.s.f.DefaultMavenResourcesFiltering - skip non existing resourceDirectory C:\Users\ritwi\Downloads\EmployeeManagementSystem\EmployeeManagementSystem\src\test\resources
2024-08-13 20:07:31,781 [Worker-4: Loading available Gradle versions] INFO  o.e.b.c.i.u.g.PublishedGradleVersions - Gradle version information cache is up-to-date. Trying to read.
2024-08-13 20:09:46,979 [Worker-3: Building] INFO  o.a.m.s.f.DefaultMavenResourcesFiltering - Copying 1 resource from src\main\resources to target\classes
2024-08-13 20:09:46,998 [Worker-3: Building] INFO  o.a.m.s.f.DefaultMavenResourcesFiltering - Copying 0 resource from src\main\resources to target\classes
2024-08-13 20:09:47,004 [Worker-3: Building] INFO  o.a.m.s.f.DefaultMavenResourcesFiltering - skip non existing resourceDirectory C:\Users\ritwi\Downloads\EmployeeManagementSystem\EmployeeManagementSystem\src\test\resources
2024-08-13 20:09:58,931 [Worker-5: Building] INFO  o.a.m.s.f.DefaultMavenResourcesFiltering - Copying 1 resource from src\main\resources to target\classes
2024-08-13 20:09:58,941 [Worker-5: Building] INFO  o.a.m.s.f.DefaultMavenResourcesFiltering - Copying 0 resource from src\main\resources to target\classes
2024-08-13 20:09:58,947 [Worker-5: Building] INFO  o.a.m.s.f.DefaultMavenResourcesFiltering - skip non existing resourceDirectory C:\Users\ritwi\Downloads\EmployeeManagementSystem\EmployeeManagementSystem\src\test\resources
2024-08-13 20:21:26,918 [Worker-1: Loading available Gradle versions] INFO  o.e.b.c.i.u.g.PublishedGradleVersions - Gradle version information cache is up-to-date. Trying to read.
2024-08-13 20:22:40,153 [Worker-22: Building] INFO  o.a.m.s.f.DefaultMavenResourcesFiltering - Copying 1 resource from src\main\resources to target\classes
2024-08-13 20:22:40,184 [Worker-22: Building] INFO  o.a.m.s.f.DefaultMavenResourcesFiltering - Copying 0 resource from src\main\resources to target\classes
2024-08-13 20:22:40,190 [Worker-22: Building] INFO  o.a.m.s.f.DefaultMavenResourcesFiltering - skip non existing resourceDirectory C:\Users\ritwi\Downloads\EmployeeManagementSystem\EmployeeManagementSystem\src\test\resources
2024-08-13 20:23:36,516 [Worker-20: Building] INFO  o.a.m.s.f.DefaultMavenResourcesFiltering - Copying 1 resource from src\main\resources to target\classes
2024-08-13 20:23:36,522 [Worker-20: Building] INFO  o.a.m.s.f.DefaultMavenResourcesFiltering - Copying 0 resource from src\main\resources to target\classes
2024-08-13 20:23:36,527 [Worker-20: Building] INFO  o.a.m.s.f.DefaultMavenResourcesFiltering - skip non existing resourceDirectory C:\Users\ritwi\Downloads\EmployeeManagementSystem\EmployeeManagementSystem\src\test\resources
2024-08-13 20:24:02,255 [Worker-5: Building] INFO  o.a.m.s.f.DefaultMavenResourcesFiltering - Copying 1 resource from src\main\resources to target\classes
2024-08-13 20:24:02,265 [Worker-5: Building] INFO  o.a.m.s.f.DefaultMavenResourcesFiltering - Copying 0 resource from src\main\resources to target\classes
2024-08-13 20:24:02,270 [Worker-5: Building] INFO  o.a.m.s.f.DefaultMavenResourcesFiltering - skip non existing resourceDirectory C:\Users\ritwi\Downloads\EmployeeManagementSystem\EmployeeManagementSystem\src\test\resources
2024-08-13 20:24:28,614 [Worker-19: Building] INFO  o.a.m.s.f.DefaultMavenResourcesFiltering - Copying 1 resource from src\main\resources to target\classes
2024-08-13 20:24:28,624 [Worker-19: Building] INFO  o.a.m.s.f.DefaultMavenResourcesFiltering - Copying 0 resource from src\main\resources to target\classes
2024-08-13 20:24:28,628 [Worker-19: Building] INFO  o.a.m.s.f.DefaultMavenResourcesFiltering - skip non existing resourceDirectory C:\Users\ritwi\Downloads\EmployeeManagementSystem\EmployeeManagementSystem\src\test\resources
2024-08-13 20:24:40,471 [Worker-9: Building] INFO  o.a.m.s.f.DefaultMavenResourcesFiltering - Copying 1 resource from src\main\resources to target\classes
2024-08-13 20:24:40,479 [Worker-9: Building] INFO  o.a.m.s.f.DefaultMavenResourcesFiltering - Copying 0 resource from src\main\resources to target\classes
2024-08-13 20:24:40,485 [Worker-9: Building] INFO  o.a.m.s.f.DefaultMavenResourcesFiltering - skip non existing resourceDirectory C:\Users\ritwi\Downloads\EmployeeManagementSystem\EmployeeManagementSystem\src\test\resources
2024-08-13 20:24:57,077 [Worker-12: Building] INFO  o.a.m.s.f.DefaultMavenResourcesFiltering - Copying 1 resource from src\main\resources to target\classes
2024-08-13 20:24:57,082 [Worker-12: Building] INFO  o.a.m.s.f.DefaultMavenResourcesFiltering - Copying 0 resource from src\main\resources to target\classes
2024-08-13 20:24:57,086 [Worker-12: Building] INFO  o.a.m.s.f.DefaultMavenResourcesFiltering - skip non existing resourceDirectory C:\Users\ritwi\Downloads\EmployeeManagementSystem\EmployeeManagementSystem\src\test\resources
2024-08-13 20:25:21,852 [Worker-22: Building] INFO  o.a.m.s.f.DefaultMavenResourcesFiltering - Copying 1 resource from src\main\resources to target\classes
2024-08-13 20:25:21,860 [Worker-22: Building] INFO  o.a.m.s.f.DefaultMavenResourcesFiltering - Copying 0 resource from src\main\resources to target\classes
2024-08-13 20:25:21,865 [Worker-22: Building] INFO  o.a.m.s.f.DefaultMavenResourcesFiltering - skip non existing resourceDirectory C:\Users\ritwi\Downloads\EmployeeManagementSystem\EmployeeManagementSystem\src\test\resources
2024-08-13 20:25:36,723 [Worker-19: Building] INFO  o.a.m.s.f.DefaultMavenResourcesFiltering - Copying 1 resource from src\main\resources to target\classes
2024-08-13 20:25:36,822 [Worker-19: Building] INFO  o.a.m.s.f.DefaultMavenResourcesFiltering - Copying 0 resource from src\main\resources to target\classes
2024-08-13 20:25:36,854 [Worker-19: Building] INFO  o.a.m.s.f.DefaultMavenResourcesFiltering - skip non existing resourceDirectory C:\Users\ritwi\Downloads\EmployeeManagementSystem\EmployeeManagementSystem\src\test\resources
2024-08-13 20:25:57,785 [Worker-7: Building] INFO  o.a.m.s.f.DefaultMavenResourcesFiltering - Copying 1 resource from src\main\resources to target\classes
2024-08-13 20:25:57,791 [Worker-7: Building] INFO  o.a.m.s.f.DefaultMavenResourcesFiltering - Copying 0 resource from src\main\resources to target\classes
2024-08-13 20:25:57,794 [Worker-7: Building] INFO  o.a.m.s.f.DefaultMavenResourcesFiltering - skip non existing resourceDirectory C:\Users\ritwi\Downloads\EmployeeManagementSystem\EmployeeManagementSystem\src\test\resources
2024-08-13 22:49:38,977 [Worker-1: Loading available Gradle versions] INFO  o.e.b.c.i.u.g.PublishedGradleVersions - Gradle version information cache is up-to-date. Trying to read.
2024-08-13 22:51:15,242 [Worker-21: Building] INFO  o.a.m.s.f.DefaultMavenResourcesFiltering - Copying 1 resource from src\main\resources to target\classes
2024-08-13 22:51:15,321 [Worker-21: Building] INFO  o.a.m.s.f.DefaultMavenResourcesFiltering - Copying 0 resource from src\main\resources to target\classes
2024-08-13 22:51:15,328 [Worker-21: Building] INFO  o.a.m.s.f.DefaultMavenResourcesFiltering - skip non existing resourceDirectory C:\Users\ritwi\Downloads\EmployeeManagementSystem\EmployeeManagementSystem\src\test\resources
2024-08-13 22:52:09,528 [Worker-17: Building] INFO  o.a.m.s.f.DefaultMavenResourcesFiltering - Copying 1 resource from src\main\resources to target\classes
2024-08-13 22:52:09,588 [Worker-17: Building] INFO  o.a.m.s.f.DefaultMavenResourcesFiltering - Copying 0 resource from src\main\resources to target\classes
2024-08-13 22:52:09,591 [Worker-17: Building] INFO  o.a.m.s.f.DefaultMavenResourcesFiltering - skip non existing resourceDirectory C:\Users\ritwi\Downloads\EmployeeManagementSystem\EmployeeManagementSystem\src\test\resources
2024-08-13 22:52:45,126 [Worker-17: Building] INFO  o.a.m.s.f.DefaultMavenResourcesFiltering - Copying 1 resource from src\main\resources to target\classes
2024-08-13 22:52:45,227 [Worker-17: Building] INFO  o.a.m.s.f.DefaultMavenResourcesFiltering - Copying 0 resource from src\main\resources to target\classes
2024-08-13 22:52:45,234 [Worker-17: Building] INFO  o.a.m.s.f.DefaultMavenResourcesFiltering - skip non existing resourceDirectory C:\Users\ritwi\Downloads\EmployeeManagementSystem\EmployeeManagementSystem\src\test\resources
2024-08-13 22:53:16,798 [Worker-13: Building] INFO  o.a.m.s.f.DefaultMavenResourcesFiltering - Copying 1 resource from src\main\resources to target\classes
2024-08-13 22:53:16,813 [Worker-13: Building] INFO  o.a.m.s.f.DefaultMavenResourcesFiltering - Copying 0 resource from src\main\resources to target\classes
2024-08-13 22:53:16,818 [Worker-13: Building] INFO  o.a.m.s.f.DefaultMavenResourcesFiltering - skip non existing resourceDirectory C:\Users\ritwi\Downloads\EmployeeManagementSystem\EmployeeManagementSystem\src\test\resources
2024-08-13 23:03:37,389 [Worker-1: Loading available Gradle versions] INFO  o.e.b.c.i.u.g.PublishedGradleVersions - Gradle version information cache is up-to-date. Trying to read.
2024-08-13 23:05:07,052 [Worker-9: Building] INFO  o.a.m.s.f.DefaultMavenResourcesFiltering - Copying 1 resource from src\main\resources to target\classes
2024-08-13 23:05:07,071 [Worker-9: Building] INFO  o.a.m.s.f.DefaultMavenResourcesFiltering - Copying 0 resource from src\main\resources to target\classes
2024-08-13 23:05:07,077 [Worker-9: Building] INFO  o.a.m.s.f.DefaultMavenResourcesFiltering - skip non existing resourceDirectory C:\Users\ritwi\Downloads\EmployeeManagementSystem\EmployeeManagementSystem\src\test\resources
2024-08-13 23:06:06,632 [Start Help Server] INFO  org.eclipse.jetty.server.Server - jetty-12.0.6; built: 2024-01-30T02:43:24.387Z; git: 78ab6e6ba163f89cdd97f2ae0283fbb5e371cfaf; jvm 19.0.2+7-44
2024-08-13 23:06:06,695 [Start Help Server] INFO  o.e.j.server.handler.ContextHandler - Started oeje8n.ContextHandler$CoreContextHandler@3884f7c5{/help,/help,b=null,a=AVAILABLE,h=oeje8n.ContextHandler$CoreContextHandler$CoreToNestedHandler@479e744a{STARTED}}
2024-08-13 23:06:06,695 [Start Help Server] INFO  o.e.j.s.DefaultSessionIdManager - Session workerName=node0
2024-08-13 23:06:06,730 [Start Help Server] INFO  o.e.jetty.server.AbstractConnector - Started ServerConnector@688210b3{HTTP/1.1, (http/1.1)}{127.0.0.1:64537}
2024-08-13 23:06:06,733 [Start Help Server] INFO  org.eclipse.jetty.server.Server - Started oejs.Server@1936c40e{STARTING}[12.0.6,sto=0] @163030ms
2024-08-13 23:06:45,159 [Worker-3: Building] INFO  o.a.m.s.f.DefaultMavenResourcesFiltering - Copying 1 resource from src\main\resources to target\classes
2024-08-13 23:06:45,168 [Worker-3: Building] INFO  o.a.m.s.f.DefaultMavenResourcesFiltering - Copying 0 resource from src\main\resources to target\classes
2024-08-13 23:06:45,172 [Worker-3: Building] INFO  o.a.m.s.f.DefaultMavenResourcesFiltering - skip non existing resourceDirectory C:\Users\ritwi\Downloads\EmployeeManagementSystem\EmployeeManagementSystem\src\test\resources
2024-08-13 23:09:50,790 [Worker-14: Building] INFO  o.a.m.s.f.DefaultMavenResourcesFiltering - Copying 1 resource from src\main\resources to target\classes
2024-08-13 23:09:50,799 [Worker-14: Building] INFO  o.a.m.s.f.DefaultMavenResourcesFiltering - Copying 0 resource from src\main\resources to target\classes
2024-08-13 23:09:50,804 [Worker-14: Building] INFO  o.a.m.s.f.DefaultMavenResourcesFiltering - skip non existing resourceDirectory C:\Users\ritwi\Downloads\EmployeeManagementSystem\EmployeeManagementSystem\src\test\resources
2024-08-13 23:10:44,977 [Worker-11: Building] INFO  o.a.m.s.f.DefaultMavenResourcesFiltering - Copying 1 resource from src\main\resources to target\classes
2024-08-13 23:10:44,985 [Worker-11: Building] INFO  o.a.m.s.f.DefaultMavenResourcesFiltering - Copying 0 resource from src\main\resources to target\classes
2024-08-13 23:10:44,989 [Worker-11: Building] INFO  o.a.m.s.f.DefaultMavenResourcesFiltering - skip non existing resourceDirectory C:\Users\ritwi\Downloads\EmployeeManagementSystem\EmployeeManagementSystem\src\test\resources
2024-08-13 23:13:02,862 [Worker-8: Building] INFO  o.a.m.s.f.DefaultMavenResourcesFiltering - Copying 1 resource from src\main\resources to target\classes
2024-08-13 23:13:02,870 [Worker-8: Building] INFO  o.a.m.s.f.DefaultMavenResourcesFiltering - Copying 0 resource from src\main\resources to target\classes
2024-08-13 23:13:02,873 [Worker-8: Building] INFO  o.a.m.s.f.DefaultMavenResourcesFiltering - skip non existing resourceDirectory C:\Users\ritwi\Downloads\EmployeeManagementSystem\EmployeeManagementSystem\src\test\resources
2024-08-13 23:31:53,781 [Worker-23: Building] INFO  o.a.m.s.f.DefaultMavenResourcesFiltering - Copying 1 resource from src\main\resources to target\classes
2024-08-13 23:31:53,801 [Worker-23: Building] INFO  o.a.m.s.f.DefaultMavenResourcesFiltering - Copying 0 resource from src\main\resources to target\classes
2024-08-13 23:31:53,807 [Worker-23: Building] INFO  o.a.m.s.f.DefaultMavenResourcesFiltering - skip non existing resourceDirectory C:\Users\ritwi\Downloads\EmployeeManagementSystem\EmployeeManagementSystem\src\test\resources
2024-08-13 23:32:19,679 [Worker-24: Building] INFO  o.a.m.s.f.DefaultMavenResourcesFiltering - Copying 1 resource from src\main\resources to target\classes
2024-08-13 23:32:19,699 [Worker-24: Building] INFO  o.a.m.s.f.DefaultMavenResourcesFiltering - Copying 0 resource from src\main\resources to target\classes
2024-08-13 23:32:19,703 [Worker-24: Building] INFO  o.a.m.s.f.DefaultMavenResourcesFiltering - skip non existing resourceDirectory C:\Users\ritwi\Downloads\EmployeeManagementSystem\EmployeeManagementSystem\src\test\resources
2024-08-14 00:04:51,450 [Worker-24: Building] INFO  o.a.m.s.f.DefaultMavenResourcesFiltering - Copying 1 resource from src\main\resources to target\classes
2024-08-14 00:04:51,480 [Worker-24: Building] INFO  o.a.m.s.f.DefaultMavenResourcesFiltering - Copying 0 resource from src\main\resources to target\classes
2024-08-14 00:04:51,485 [Worker-24: Building] INFO  o.a.m.s.f.DefaultMavenResourcesFiltering - skip non existing resourceDirectory C:\Users\ritwi\Downloads\EmployeeManagementSystem\EmployeeManagementSystem\src\test\resources
2024-08-14 00:06:33,967 [Worker-24: Building] INFO  o.a.m.s.f.DefaultMavenResourcesFiltering - Copying 1 resource from src\main\resources to target\classes
2024-08-14 00:06:33,997 [Worker-24: Building] INFO  o.a.m.s.f.DefaultMavenResourcesFiltering - Copying 0 resource from src\main\resources to target\classes
2024-08-14 00:06:34,002 [Worker-24: Building] INFO  o.a.m.s.f.DefaultMavenResourcesFiltering - skip non existing resourceDirectory C:\Users\ritwi\Downloads\EmployeeManagementSystem\EmployeeManagementSystem\src\test\resources
2024-08-14 10:28:16,762 [Worker-1: Loading available Gradle versions] INFO  o.e.b.c.i.u.g.PublishedGradleVersions - Gradle version information cache is up-to-date. Trying to read.
2024-08-14 10:28:57,380 [Worker-18: Building] INFO  o.a.m.s.f.DefaultMavenResourcesFiltering - Copying 1 resource from src\main\resources to target\classes
2024-08-14 10:28:57,427 [Worker-18: Building] INFO  o.a.m.s.f.DefaultMavenResourcesFiltering - Copying 0 resource from src\main\resources to target\classes
2024-08-14 10:28:57,438 [Worker-18: Building] INFO  o.a.m.s.f.DefaultMavenResourcesFiltering - skip non existing resourceDirectory C:\Users\ritwi\Downloads\EmployeeManagementSystem\EmployeeManagementSystem\src\test\resources
2024-08-14 10:32:16,904 [Worker-18: Building] INFO  o.a.m.s.f.DefaultMavenResourcesFiltering - Copying 1 resource from src\main\resources to target\classes
2024-08-14 10:32:16,922 [Worker-18: Building] INFO  o.a.m.s.f.DefaultMavenResourcesFiltering - Copying 0 resource from src\main\resources to target\classes
2024-08-14 10:32:16,927 [Worker-18: Building] INFO  o.a.m.s.f.DefaultMavenResourcesFiltering - skip non existing resourceDirectory C:\Users\ritwi\Downloads\EmployeeManagementSystem\EmployeeManagementSystem\src\test\resources
2024-08-14 10:32:26,047 [Start Help Server] INFO  org.eclipse.jetty.server.Server - jetty-12.0.6; built: 2024-01-30T02:43:24.387Z; git: 78ab6e6ba163f89cdd97f2ae0283fbb5e371cfaf; jvm 19.0.2+7-44
2024-08-14 10:32:26,112 [Start Help Server] INFO  o.e.j.server.handler.ContextHandler - Started oeje8n.ContextHandler$CoreContextHandler@589e2747{/help,/help,b=null,a=AVAILABLE,h=oeje8n.ContextHandler$CoreContextHandler$CoreToNestedHandler@7baac342{STARTED}}
2024-08-14 10:32:26,114 [Start Help Server] INFO  o.e.j.s.DefaultSessionIdManager - Session workerName=node0
2024-08-14 10:32:26,152 [Start Help Server] INFO  o.e.jetty.server.AbstractConnector - Started ServerConnector@29439ffb{HTTP/1.1, (http/1.1)}{127.0.0.1:53069}
2024-08-14 10:32:26,160 [Start Help Server] INFO  org.eclipse.jetty.server.Server - Started oejs.Server@3e45ac6d{STARTING}[12.0.6,sto=0] @272085ms
2024-08-14 10:32:49,060 [Worker-8: Building] INFO  o.a.m.s.f.DefaultMavenResourcesFiltering - Copying 1 resource from src\main\resources to target\classes
2024-08-14 10:32:49,091 [Worker-8: Building] INFO  o.a.m.s.f.DefaultMavenResourcesFiltering - Copying 0 resource from src\main\resources to target\classes
2024-08-14 10:32:49,098 [Worker-8: Building] INFO  o.a.m.s.f.DefaultMavenResourcesFiltering - skip non existing resourceDirectory C:\Users\ritwi\Downloads\EmployeeManagementSystem\EmployeeManagementSystem\src\test\resources
2024-08-14 10:33:59,306 [Worker-21: Building] INFO  o.a.m.s.f.DefaultMavenResourcesFiltering - Copying 1 resource from src\main\resources to target\classes
2024-08-14 10:33:59,373 [Worker-21: Building] INFO  o.a.m.s.f.DefaultMavenResourcesFiltering - Copying 0 resource from src\main\resources to target\classes
2024-08-14 10:33:59,378 [Worker-21: Building] INFO  o.a.m.s.f.DefaultMavenResourcesFiltering - skip non existing resourceDirectory C:\Users\ritwi\Downloads\EmployeeManagementSystem\EmployeeManagementSystem\src\test\resources
2024-08-14 10:34:10,026 [Worker-18: Building] INFO  o.a.m.s.f.DefaultMavenResourcesFiltering - Copying 1 resource from src\main\resources to target\classes
2024-08-14 10:34:10,033 [Worker-18: Building] INFO  o.a.m.s.f.DefaultMavenResourcesFiltering - Copying 0 resource from src\main\resources to target\classes
2024-08-14 10:34:10,037 [Worker-18: Building] INFO  o.a.m.s.f.DefaultMavenResourcesFiltering - skip non existing resourceDirectory C:\Users\ritwi\Downloads\EmployeeManagementSystem\EmployeeManagementSystem\src\test\resources
2024-08-14 10:36:55,131 [Worker-21: Building] INFO  o.a.m.s.f.DefaultMavenResourcesFiltering - Copying 1 resource from src\main\resources to target\classes
2024-08-14 10:36:55,139 [Worker-21: Building] INFO  o.a.m.s.f.DefaultMavenResourcesFiltering - Copying 0 resource from src\main\resources to target\classes
2024-08-14 10:36:55,143 [Worker-21: Building] INFO  o.a.m.s.f.DefaultMavenResourcesFiltering - skip non existing resourceDirectory C:\Users\ritwi\Downloads\EmployeeManagementSystem\EmployeeManagementSystem\src\test\resources
2024-08-14 10:39:38,738 [Worker-8: Building] INFO  o.a.m.s.f.DefaultMavenResourcesFiltering - Copying 1 resource from src\main\resources to target\classes
2024-08-14 10:39:38,746 [Worker-8: Building] INFO  o.a.m.s.f.DefaultMavenResourcesFiltering - Copying 0 resource from src\main\resources to target\classes
2024-08-14 10:39:38,749 [Worker-8: Building] INFO  o.a.m.s.f.DefaultMavenResourcesFiltering - skip non existing resourceDirectory C:\Users\ritwi\Downloads\EmployeeManagementSystem\EmployeeManagementSystem\src\test\resources
2024-08-14 10:42:30,996 [Worker-4: Building] INFO  o.a.m.s.f.DefaultMavenResourcesFiltering - Copying 1 resource from src\main\resources to target\classes
2024-08-14 10:42:31,005 [Worker-4: Building] INFO  o.a.m.s.f.DefaultMavenResourcesFiltering - Copying 0 resource from src\main\resources to target\classes
2024-08-14 10:42:31,009 [Worker-4: Building] INFO  o.a.m.s.f.DefaultMavenResourcesFiltering - skip non existing resourceDirectory C:\Users\ritwi\Downloads\EmployeeManagementSystem\EmployeeManagementSystem\src\test\resources
2024-08-14 10:42:35,189 [Stop Help Server] INFO  org.eclipse.jetty.server.Server - Stopped oejs.Server@3e45ac6d{STOPPING}[12.0.6,sto=0]
2024-08-14 10:42:35,195 [Stop Help Server] INFO  o.e.jetty.server.AbstractConnector - Stopped ServerConnector@29439ffb{HTTP/1.1, (http/1.1)}{127.0.0.1:0}
2024-08-14 10:43:07,515 [Worker-0: Loading available Gradle versions] INFO  o.e.b.c.i.u.g.PublishedGradleVersions - Gradle version information cache is up-to-date. Trying to read.
2024-08-14 10:45:46,686 [Start Help Server] INFO  org.eclipse.jetty.server.Server - jetty-12.0.6; built: 2024-01-30T02:43:24.387Z; git: 78ab6e6ba163f89cdd97f2ae0283fbb5e371cfaf; jvm 19.0.2+7-44
2024-08-14 10:45:46,745 [Start Help Server] INFO  o.e.j.server.handler.ContextHandler - Started oeje8n.ContextHandler$CoreContextHandler@21824d19{/help,/help,b=null,a=AVAILABLE,h=oeje8n.ContextHandler$CoreContextHandler$CoreToNestedHandler@3846e633{STARTED}}
2024-08-14 10:45:46,746 [Start Help Server] INFO  o.e.j.s.DefaultSessionIdManager - Session workerName=node0
2024-08-14 10:45:46,775 [Start Help Server] INFO  o.e.jetty.server.AbstractConnector - Started ServerConnector@3a96abe7{HTTP/1.1, (http/1.1)}{127.0.0.1:53550}
2024-08-14 10:45:46,780 [Start Help Server] INFO  org.eclipse.jetty.server.Server - Started oejs.Server@75429f75{STARTING}[12.0.6,sto=0] @184212ms
2024-08-14 10:46:43,030 [Worker-9: Building] INFO  o.a.m.s.f.DefaultMavenResourcesFiltering - Copying 1 resource from src\main\resources to target\classes
2024-08-14 10:46:43,043 [Worker-9: Building] INFO  o.a.m.s.f.DefaultMavenResourcesFiltering - Copying 0 resource from src\main\resources to target\classes
2024-08-14 10:46:43,050 [Worker-9: Building] INFO  o.a.m.s.f.DefaultMavenResourcesFiltering - skip non existing resourceDirectory C:\Users\ritwi\Downloads\EmployeeManagementSystem\EmployeeManagementSystem\src\test\resources
2024-08-14 10:48:01,066 [Worker-9: Building] INFO  o.a.m.s.f.DefaultMavenResourcesFiltering - Copying 1 resource from src\main\resources to target\classes
2024-08-14 10:48:01,077 [Worker-9: Building] INFO  o.a.m.s.f.DefaultMavenResourcesFiltering - Copying 0 resource from src\main\resources to target\classes
2024-08-14 10:48:01,083 [Worker-9: Building] INFO  o.a.m.s.f.DefaultMavenResourcesFiltering - skip non existing resourceDirectory C:\Users\ritwi\Downloads\EmployeeManagementSystem\EmployeeManagementSystem\src\test\resources
2024-08-14 10:49:54,109 [Worker-2: Building] INFO  o.a.m.s.f.DefaultMavenResourcesFiltering - Copying 1 resource from src\main\resources to target\classes
2024-08-14 10:49:54,120 [Worker-2: Building] INFO  o.a.m.s.f.DefaultMavenResourcesFiltering - Copying 0 resource from src\main\resources to target\classes
2024-08-14 10:49:54,127 [Worker-2: Building] INFO  o.a.m.s.f.DefaultMavenResourcesFiltering - skip non existing resourceDirectory C:\Users\ritwi\Downloads\EmployeeManagementSystem\EmployeeManagementSystem\src\test\resources
2024-08-14 10:52:25,998 [Stop Help Server] INFO  org.eclipse.jetty.server.Server - Stopped oejs.Server@75429f75{STOPPING}[12.0.6,sto=0]
2024-08-14 10:52:26,003 [Stop Help Server] INFO  o.e.jetty.server.AbstractConnector - Stopped ServerConnector@3a96abe7{HTTP/1.1, (http/1.1)}{127.0.0.1:0}
2024-08-14 11:57:46,047 [Worker-1: Loading available Gradle versions] INFO  o.e.b.c.i.u.g.PublishedGradleVersions - Gradle version information cache is up-to-date. Trying to read.
2024-08-14 12:34:14,699 [Worker-3: Loading available Gradle versions] INFO  o.e.b.c.i.u.g.PublishedGradleVersions - Gradle version information cache is up-to-date. Trying to read.
2024-08-14 12:34:20,124 [Worker-4: Building] INFO  o.a.m.s.f.DefaultMavenResourcesFiltering - Copying 1 resource from src\main\resources to target\classes
2024-08-14 12:34:20,154 [Worker-4: Building] INFO  o.a.m.s.f.DefaultMavenResourcesFiltering - Copying 0 resource from src\main\resources to target\classes
2024-08-14 12:34:20,166 [Worker-4: Building] INFO  o.a.m.s.f.DefaultMavenResourcesFiltering - skip non existing resourceDirectory C:\Users\ritwi\Downloads\EmployeeManagementSystem\EmployeeManagementSystem\src\test\resources
